\BOOKMARK [0][-]{chapter*.1}{Voorwoord}{}% 1
\BOOKMARK [0][-]{chapter*.2}{Samenvatting}{}% 2
\BOOKMARK [0][-]{chapter*.3}{Abstract}{}% 3
\BOOKMARK [0][-]{chapter*.4}{Inhoud}{}% 4
\BOOKMARK [0][-]{chapter*.5}{Figurenlijst}{}% 5
\BOOKMARK [0][-]{chapter*.6}{Tabellenlijst}{}% 6
\BOOKMARK [0][-]{chapter*.7}{Symbolenlijst}{}% 7
\BOOKMARK [0][-]{chapter*.9}{Lijst met afkortingen}{}% 8
\BOOKMARK [0][-]{chapter.1}{Vormelijke richtlijnen van de scriptie}{}% 9
\BOOKMARK [1][-]{section.1.1}{Verplichte onderdelen en volgorde in de scriptie}{chapter.1}% 10
\BOOKMARK [1][-]{section.1.2}{Lay-out}{chapter.1}% 11
\BOOKMARK [2][-]{subsection.1.2.1}{Papierformaat en bladspiegel}{section.1.2}% 12
\BOOKMARK [2][-]{subsection.1.2.2}{Titelblad}{section.1.2}% 13
\BOOKMARK [0][-]{chapter.2}{Structuur van de masterproeftekst}{}% 14
\BOOKMARK [1][-]{section.2.1}{Opdeling in hoofdstukken}{chapter.2}% 15
\BOOKMARK [1][-]{section.2.2}{Verdere onderverdeling binnen een hoofdstuk}{chapter.2}% 16
\BOOKMARK [1][-]{section.2.3}{Dit is een voorbeeld van een sectie}{chapter.2}% 17
\BOOKMARK [2][-]{subsection.2.3.1}{Dit is een voorbeeld van een subsectie}{section.2.3}% 18
\BOOKMARK [0][-]{chapter.3}{Figuren en tabellen}{}% 19
\BOOKMARK [1][-]{section.3.1}{Algemene richtlijnen}{chapter.3}% 20
\BOOKMARK [0][-]{chapter.4}{Richtlijnen voor formules}{}% 21
\BOOKMARK [0][-]{chapter.5}{Richtlijnen voor referenties}{}% 22
\BOOKMARK [1][-]{section.5.1}{Inleiding}{chapter.5}% 23
\BOOKMARK [1][-]{section.5.2}{Referentiestijl}{chapter.5}% 24
\BOOKMARK [0][-]{appendix.A}{Uitleg over de appendices}{}% 25
